000~ROOT~000
00212.php
007.php
00.php
00x69.php
01.php
05_01_04_favicon.php
05623ecdddd.php
07.php
0803.php
08_45_27_loggo.php
0aa1883c.php
0byte.php
0day.php
_0-load.php
0m.php
0.php
0wn3d.php
100.php
1050804k.php
10.php
111111111.php
11_11_57_3483650.php
111.php
11.php
12_02_51_ftp.php
120667kk.php
12111.php
12309.php
123456789.php
123/newsr.php
123.php
12.php
1337.php
1337uploader.php
1337w0rm.php
13.php
1405674947.
1410.jpg.php
1494131467_app.php
14.php
1.50.php
15.php
16.php
17jkt48.php
17.php
18.php
1928.php
192e.php
1987.php
1990.php
1991.php
1992.php
1998.php
19.php
1mail.php
1n73ction.php
1.php
1so.php
2010.php
2011.php
2012.php
2013.php
2014.php
2015.php
2016.php
2018.php
2019.php
20.php
217eed.php
217.php
21.php
21r08oiidn.php
221209-new.php
222.php
22.php
23.php
24.php
25.php
261.php
26.php
27.php
28.php
29.php
2bc.php
2.php
304.php
305.php
306.php
30.php
31.php
32.php
33170_gzcompress.php
333.php
33639_ls.php
33.php
3483650.php
34.php
35.php
36002.php
36.php
37.php
380.php
385.php
39.php
3ca.php
3.php
3rd-3rd-party.php
3rd-bbpress.php
3rd-beaverbuilder.php
3rd-bitly.php
3rd-buddypress.php
3rd-debug-bar.php
3rd-domain-mapping.php
3rd-polldaddy.php
3rd-qtranslate-x.php
3rd-vaultpress.php
3rd-woocommerce.php
3rd-woocommerce-services.php
3rd-wpml.php
3xcr3w.php
3xp.php
400.php
401.php
402.php
403.php
4045.php
404a.php
404.php
405.php
406.php
407.php
408.php
409.php
40.php
410.php
411.php
412.php
413.php
414.php
415.php
416.php
417.php
418.php
420532shell.php
428.php
429.php
431.php
43wds.php
444.php
444.php?fullmagic
47f.php
48.php
4G.php
4n0n.php
4.php
500.php
501.php
502.php
503.php
504.php
505.php
50.php
511.php
5127.php
529.php
5646.php
57.php
57-sa.php
5a9d22572c2d2.php
5aa30c587e6dd.php
5ac017730c74b.php
5b6e87de9f0f1.php
5erxwk8j5x.php
5f.php
5.php
5t8sba.php
6251hack.php
629788tryag.php
64.php
666.php
66.php
67prib.jpg.php
6e.php
6.php
704_gzcompress.php
705_image.php
751410.jpg.php
77.php
7b13b22.php
7l.php
7ms.php
7.php
808909da980d80913290.php
86_o.php
89_c99.php
8h.php
8.php
90_c99.php
93jkt48.php
93NkFl.php
951078biJ.php
95.php
9640u.php
98d.php
99.php
9.php
a1.php
aa942a.php
aaa.php
.aa.php
aa.php
aat.php
abc1CLOSED.php
abc.php
Aboli.php
about1.php
abouts.php
aboutus.php
aboutz.php
ab.php
abstract-wc-csv-exporter.php
abstract-wc-data.php
abstract-wc-integration.php
abstract-wc-legacy-order.php
abstract-wc-legacy-product.php
abstract-wc-log-handler.php
abstract-wc-object-query.php
abstract-wc-order.php
abstract-wc-payment-gateway.php
abstract-wc-payment-token.php
abstract-wc-privacy.php
abstract-wc-product.php
abstract-wc-rest-controller.php
abstract-wc-session.php
abstract-wc-settings-api.php
abstract-wc-shipping-method.php
abstract-wc-widget.php
accept_language.php
AccessGranted.php
ach.php
ac.php
acp.php
action-action-scheduler.php
action-ActionScheduler.php
action-cron-CronExpression.php
action-functions.php
activate-admin.php
activate.php
add-to-cart.php
adindex.php
admin1.php
admin5.php
admin-bar.php
admin-cancelled-order.php
admin-edit.php
adminerNEW.php
adminerN.php
adminer.php
admin-failed-order.php
admin_gallery.php
AdminGay.php
admin-new-order.php
admin.php
adm.php
ad.php
adt.php
adv2.php
advance.php
adx.php
ady.php
ae4.php
AFF.php
af.php
after-the-config-options.php
after-the-config-unignore.php
after-the-deadline.php
after-the-proxy.php
ag12.php#passwd: se7li #Dr. Nova ShellCode
age_snippet.php
aghacker.php
ahlisyurga_shell.php
ai40.php
aiai.php
ajan.asp
ajax_command_shell.php
ajaxcommandshell.php
ajax_init.php
ajax.php
ajax_.php
ak59k.php
akatsuki.php
akismet.php
al2.pHp
albanianshell.php
alcool.php
alert.php
alexus.php
alfa.php
alfaver.php
ali.php
allsoft.pl
al-marhum.php
alpha.php
al.php
amazon.php
ameer.php
americanas.php
amsettings.php
an0n.php
an0nym0us.php
anassgmr.php
anasslost.php
Ancvxia.php
ande.php
andr3a.php
andre.php
angel.php
angelwhitehat.php
angie.php
anoncol7.php
anoncol.php
AnonGhost.php
anonghostshell.php
anongt.php
anon.php
anonym0us.php
anonymous.php
antichat.php
antichat_shell.php
antisecshell.php
any question.php
anzost.php
a.php
api1.php
API1.PHP
apikey.php
api.php
app/Http/Middleware/
apple.php
application.php
app.php
aqprivate.php
arab_black_hat.pl
arabicspy.php
archiveorg-book.php
archiveorg.php
archive-product.php
archives.php
archivos.php
ARS.php
article3.php
article58.php
article.php
art.php
asap.php
asd.php
asmodeus.pl
aspen-sw.php
as.php
aspx-shell.aspx
aspydrv.vb
ASS.php
asu.php
atherozhack.php
atheroz.php
atomlibee.php
atomlib.php
audio.php
author.php
Author.php
authors.php
author-template.php
auth.php
Auth.php
awsome.php
ayazz.php
ayyildiz_tim.php
a.zip
az.php
aZRaiL.php
aZRaiLPhp.php
aZRaiLPhp.php_v1.0.php
azrak.php
b0x.php
b27.php
b347k-comandosvr.php
b374k-2.4
b374k-2.6
b374k-2.7.php
b374k-2.7.source
b374k-2.8.php
b374k-2.8_.php
b374k-2.8.source.php
b374k779.php
b374k-mini-shell-php.php.php
b374k.php
b374k.php.php
b4a5289.php
b4ckdoor.php
b4ck.php
b64shell.php
baba.php
bacalaito.php
backcookie.php
Backd00r.php
backdoorconnect.pl
backdoor.php
back.php
backshell.php
backshellsym.php
backs.php
backtrack.php
backup.php
backups.php
backupsql.php
badoo.php
bad.php
bail.php
bajatax.php
bajatax.php?bajatax=up
bajax_enc.php
bajax.php
bala.php
bandcamp.php
banner6.php
banner.php
ban.php
ba.php
bara.php
base.php
Base.php
bash.php
basic-init.php
Basic.php
batavi4.php
bb.php
BD.php
bemailiers.php
best.php
bestside.php
bestside.php.suspected
beta.php
bf62768c.php
bfdohf309jf9we.php
bim.php
bin.php
bio.php
biyo.php
bk.php
blackcoder!.php
Blackflag.php
blackh0l0.php
blackhat.php
black.php
bladeblas.php
blank.php
blas.php
blindshell.c
blocked-login-page.php
blocker.php
blockerz.php
block.php
blocks.php
blogs.php
blog-stats.php
blogs/wp-link.php?f3
blood3rpriv8.php
bloodsecv4.php
blpass2.php
blpass.php
bl.php
blue.php
Bo7.php
bob.php
bogel.php
bogel_shell.php
bomber.php
bom.php
bonsnd.php
bookmark.php
bookmark-template.php
book.php
bord.php
borrar.php
boseka.php
bots.php
bounty.php
boxshell.php
b.php
br34ck.php
breack.php
breacksecurity.php
breadcrumb.php
bridge1.php
bridge_lib.php
brightcove.php
brute_force_tool.php
bsn.php
bti.php
bubu.php
buckethead.php
bugnau.php
bug.php
bugs.php
build-asset-cdn-json.php
build.php
bundle.php
business-business-hours.php
bwang.php
bwa.php
By008.php
bye.php
by.jpg.php
by.jpg.php.php
bypass.php
bypasup.php
by.php
bypz.php
c0derzshell.php
c0n3cts4t1x.php
C0nfig.php
c0r3.php
c100.php
c13.php
c2007.php
c2.php
c40shell.php
C4nh0t0.php
c4.php
c991.php
c99_locus7s.php
c99_madnet.php
C99madShell.php
c99.php
c99_PSych0.php
c99_rkr.php
c99shell.php
c99_w4cking.php
ca0s.php
cache-clean.php
cache.php
cache_xmrlp.php
cafelito.php
calculation.php
camex.php
canonical.php
capabilities.php
ca.php
caphp.php
captcha.php
caption.php
Caption.php
carousel.php
cart-empty.php
cart-errors.php
cart-item-data.php
cartodb.php
cart.php
cart-shipping.php
cart-totals.php
CaseInsensitiveDictionary.php
casus15.php
CasuS.php
categories.php
..^categorymenu.php
category.php
Category.php
category-template.php
cat_img_1467947752_53310549.php
cat.php
cbot.php
ccaef.php
ccccccccccccccccccccccle.php
ccc.php
cc.php
ccp.php
ccprocess.php
ccrpf.php
cek.php
cell.php
cem.php
ceshi.php
cevabun.txt
cfexec.cfm
cff.php
_cfg.php
cfg.php
cgi_bin.asp.php
cgi.php
cgi.pl
cgi-python.py
cgi-shell.php
cgi-shell.pl
cgitelnet.pl
changelog.php
CHANGELOG.php
changelog.txt
change.php
chido.php
chile2017.php
_chile.php
chile.php
chilingo.php
_ch.php
chulls.php
chykzak8xc.php
cih.php
cin.php
ck.php
class.akismet-admin.php
class.akismet-cli.php
class.akismet.php
class.akismet-rest-api.php
class.akismet-widget.php
_class.color.php
class-emogrifier.php
class-feed.php
class.frame-nonce-preview.php
class.highest.php
class-http.php
class-inc.php
class.inc.php
class-IXR-base64.php
class-IXR-clientmulticall.php
class-IXR-client.php
class-IXR-date.php
class-IXR-error.php
class-IXR-message.php
class-IXR.php
class-IXR-request.php
class-IXR-server.php
class-IXR-value.php
class.jetpack-admin.php
class.jetpack-affiliate.php
class.jetpack-autoupdate.php
class.jetpack-calypsoify.php
class.jetpack-client.php
class.jetpack-cli.php
class.jetpack-constants.php
_class-jetpack-cxn-tests.php
class.jetpack-data.php
_class-jetpack-debugger.php
class.jetpack-debugger.php
class.jetpack-error.php
class.jetpack-gutenberg.php
class.jetpack-heartbeat.php
class.jetpack-idc.php
_class.jetpack-iframe-embed.php
class.jetpack-ixr-client.php
class.jetpack-jitm.php
class.jetpack-network.php
class.jetpack-options.php
_class.jetpack-photon-image.php
class.jetpack.php
class.jetpack-plan.php
class.jetpack-post-images.php
_class.jetpack-provision.php
class.jetpack-pwa-helpers.php
class.jetpack-pwa-manifest.php
class.jetpack-search.php
class.jetpack-signature.php
class.jetpack-sso-helpers.php
class.jetpack-sso-notices.php
class.jetpack-sync-actions.php
class.jetpack-sync-module.php
class.jetpack-sync-modules.php
class.jetpack-sync-queue.php
class.jetpack-sync-sender.php
class.jetpack-sync-server.php
class.jetpack-sync-users.php
class.jetpack-tracks.php
class.jetpack-user-agent.php
class.jetpack-videopress.php
class.json-api-date.php
class.json-api-endpoints.php
class.json-api-links.php
class.json-api-metadata.php
class.json-api.php
class.json-api-platform.php
class.json-api-post-base.php
class.json-api-site-base.php
class.json-api-site-jetpack.php
class.json-api-token.php
class-json.php
_class.media-extractor.php
_class.media.php
_class.media-summary.php
class-oembed.php
class-page-walker.php
class.photon.php
class.php
class-phpass.php
class-phpmailer.php
class.phpmailer.php
class-pop3.php
class-requests.php
class-simplepie.php
class-smtp.php
class.smtp.php
class-snoopy.php
_class.tracks-client.php
_class.tracks-event.php
class.upload.php
class.utils.php
class.videopress-ajax.php
class.videopress-cli.php
class.videopress-gutenberg.php
class.videopress-options.php
class.videopress-player.php
class.videopress-scheduler.php
class.videopress-video.php
class.videopress-xmlrpc.php
class-walker-category.php
class-walker-comment.php
class-walker-nav-menu.php
class-walker-page-dropdown.php
class-walker-page.php
class-wc-action-queue.php
class-wc-admin-addons.php
class-wc-admin-api-keys.php
class-wc-admin-assets.php
class-wc-admin-attributes.php
class-wc-admin-customize.php
class-wc-admin-dashboard.php
class-wc-admin-exporters.php
class-wc-admin-help.php
class-wc-admin-importers.php
class-wc-admin-menus.php
class-wc-admin-meta-boxes.php
class-wc-admin-notices.php
class-wc-admin.php
class-wc-admin-pointers.php
class-wc-admin-post-types.php
class-wc-admin-profile.php
class-wc-admin-report.php
class-wc-admin-reports.php
class-wc-admin-settings.php
class-wc-admin-setup-wizard.php
class-wc-admin-status.php
class-wc-admin-taxonomies.php
class-wc-admin-webhooks.php
class-wc-ajax.php
class-wc-api.php
class-wc-auth.php
class-wc-autoloader.php
class-wc-background-emailer.php
class-wc-background-process.php
class-wc-background-updater.php
class-wc-breadcrumb.php
class-wc-cache-helper.php
class-wc-cart-fees.php
class-wc-cart.php
class-wc-cart-session.php
class-wc-cart-totals.php
class-wc-checkout.php
class-wc-cli.php
class-wc-cli-rest-command.php
class-wc-cli-runner.php
class-wc-cli-tool-command.php
class-wc-cli-update-command.php
class-wc-comments.php
class-wc-countries.php
class-wc-coupon.php
class-wc-customer-download.php
class-wc-customer.php
class-wc-data-exception.php
class-wc-data-store.php
class-wc-datetime.php
class-wc-discounts.php
class-wc-download-handler.php
class-wc-email-failed-order.php
class-wc-email-new-order.php
class-wc-email.php
class-wc-emails.php
class-wc-embed.php
class-wc-eval-math.php
class-wc-form-handler.php
class-wc-frontend-scripts.php
class-wc-gateway-bacs.php
class-wc-gateway-cheque.php
class-wc-gateway-cod.php
class-wc-gateway-paypal.php
class-wc-geo-ip.php
class-wc-geolocation.php
class-wc-helper-api.php
class-wc-helper-compat.php
class-wc-helper-options.php
class-wc-helper.php
class-wc-helper-plugin-info.php
class-wc-helper-updater.php
class-wc-https.php
class-wc-importer-interface.php
class-wc-install.php
class-wc-integrations.php
class-wc-legacy-api.php
class-wc-legacy-cart.php
class-wc-legacy-coupon.php
class-wc-legacy-customer.php
class-wc-legacy-webhook.php
class-wc-logger-interface.php
class-wc-logger.php
class-wc-log-levels.php
class-wc-meta-data.php
class-wc-order-factory.php
class-wc-order-item-coupon.php
class-wc-order-item-fee.php
class-wc-order-item-meta.php
class-wc-order-item.php
class-wc-order-item-tax.php
class-wc-order.php
class-wc-order-query.php
class-wc-order-refund.php
class-wc-payment-gateways.php
class-wc-payment-tokens.php
class-wc-post-data.php
class-wc-post-types.php
class-wc-privacy-erasers.php
class-wc-privacy-exporters.php
class-wc-privacy.php
class-wc-product-attribute.php
class-wc-product-download.php
class-wc-product-external.php
class-wc-product-factory.php
class-wc-product-grouped.php
class-wc-product-query.php
class-wc-product-simple.php
class-wc-product-variable.php
class-wc-product-variation.php
class-wc-query.php
class-wc-queue-interface.php
class-wc-queue.php
class-wc-regenerate-images.php
class-wc-report-customers.php
class-wc-report-downloads.php
class-wc-report-stock.php
class-wc-rest-exception.php
class-wc-session-handler.php
class-wc-settings-accounts.php
class-wc-settings-advanced.php
class-wc-settings-checkout.php
class-wc-settings-emails.php
class-wc-settings-general.php
class-wc-settings-page.php
class-wc-settings-products.php
class-wc-settings-rest-api.php
class-wc-settings-shipping.php
class-wc-settings-tax.php
class-wc-shipping.php
class-wc-shipping-rate.php
class-wc-shipping-zone.php
class-wc-shipping-zones.php
class-wc-shop-customizer.php
class-wc-shortcode-cart.php
class-wc-shortcodes.php
class-wc-structured-data.php
class-wc-tax.php
class-wc-tax-rate-importer.php
class-wc-template-loader.php
class-wc-tracker.php
class-wc-validation.php
class-wc-webhook.php
class-wc-widget-cart.php
class-wc-widget-products.php
class-woocommerce.php
class-wp-admin-bar.php
class-wp-ajax-response.php
class-wp-block-parser.php
class-wp-block-type.php
class-wp-comment.php
class-wp-comment-query.php
class-wp-customize-control.php
class-wp-customize-manager.php
class-wp-customize-panel.php
class-wp-customize-partial.php
class-wp-customize-section.php
class-wp-customize-setting.php
class-wp-customize-widgets.php
class.wp-dependencies.php
class-wp-dependency.php
class-wp-editor.php
class-wp-embed.php
class-wp-error.php
class-wp-feed-cache.php
class-wp-hook.php
class-wp-http-cookie.php
class-wp-http-curl.php
class-wp-http-encoding.php
class-wp-http-ixr-client.php
class-wp-http-proxy.php
class-wp-http-response.php
class-wp-http-streams.php
class-wp-image-editor-gd.php
class-wp-image-editor.php
class-wp-list-util.php
class-wp-locale.php
class-wp-locale-switcher.php
class-wp-main.php
class-wp-matchesmapregex.php
class-wp-meta-query.php
class-wp-nav-menu-widget.php
class-wp-network.php
class-wp-network-query.php
class-wp-oembed-controller.php
class-wp.php
class-wp-post.php
class-wp-post-type.php
class-wp-query.php
class-wp-rewrite.php
class-wp-role.php
class-wp-roles.php
class.wp-scripts.php
class-wp-session-tokens.php
class-wp-simplepie-file.php
class-wp-site.php
class-wp-site-query.php
class.wp-styles.php
class-wp-taxonomy.php
class-wp-tax-query.php
class-wp-term.php
class-wp-term-query.php
class-wp-theme.php
class-wp-user.php
class-wp-user-query.php
class-wp-walker.php
class-wp-widget-archives.php
class-wp-widget-calendar.php
class-wp-widget-categories.php
class-wp-widget-custom-html.php
class-wp-widget-factory.php
class-wp-widget-links.php
class-wp-widget-media-image.php
class-wp-widget-media.php
class-wp-widget-media-video.php
class-wp-widget-meta.php
class-wp-widget-pages.php
class-wp-widget.php
class-wp-widget-rss.php
class-wp-widget-search.php
class-wp-widget-tag-cloud.php
class-wp-widget-text.php
class-wp-xmlrpc.php
class-wp-xmlrpc-server.php
clean.php
clearshell.php
click.php
_client.php
clients.php
cl.php
cmd11.php
cmd.asp
cmd.aspx
cmd.jsp
cmd_magic.php
cmdoida.php
cmd.php
cmd.pl
cmos_clr.php
cm.php
cn4fi.php
cnfg.php
cnn.php
cnow8t47ow.php
cn.php
cocacola_shell.php
coca.php
coc.php
code1.php
code-login.php
codepen.php
code.php
coderz.php
codigo.php
cod.php
col2.php
colhacker.php
colh.php
comment-likes.php
comment.php
comments.php
comment-template.php
common.php
compadre.php
compa.php
compashell.php
compat.php
compiler.php
/components/com_foxcontact/indoxploit_8YVAL.php
compo.php
con2.php
Con7ext.php
conf1.php
confeg.php
.config_1.php
config2.php
config3.php
configclass.php
confige.php
config.inc.php
config.industry.php
config.in.php
config-joomla.php
config_msc.php
config_panel.php
.config.php
confi_g.php
config.php
config.php?sec=yess
config_site.php
configs.php
configspy.php
config-ui.php
configuration.php
configuration-user.php
confih-wordpress.php
conf.inc.php
confi.php
confirm-admin.php
confirmation.php
confirm.php
confisg.php
.conf.php
conf.php
connectback2.pl
connector.php
connfig.php
constance.php
contact1.php
contact-admin.php
contact-contact-info.php
contact-form-7-tr_TR.po.php
contact-form.php
contact-grunion-editor-view.php
contact-grunion-form-view.php
contact-info.php
contactos.php
contact.php
contactus.php
contador.php
contador.txt
contenido.php
content-gallery.php
content.php
content-post.php
content-product_cat.php
content-product.php
content-single-product.php
content-widget-product.php
content-widget-reviews.php
controller.php
control.php
cookie.php
Cookie.php
cookier.php
co.php
copi.php
copying.txt
copy-post.php
Copyright.php
COPYRIGHT.php
_core-load-wpcom-endpoints.php
core.php
Core.php
_core-wpcom-business-hours.php
_core-wpcom-hello.php
_core-wpcom-subscribers.php
cort.php
corts.php
cp3.php
cp6.php
cpanel_cracker.php
cpanel.php
cPan.php
cp-crack-kehel.php
cpcreditreports.php
c.php
cplugin.php
cpn.php
cp.php
cps.php
cr4ck.php
crack1.php
cracker_cpanel.php
cracker.php
crack.php
created.php
credit.php
Credit.php
CREDITS.php
cristercorp_infocollector.php
cron.php
cross-sells.php
crowdsignal.php
cr.php
crp.php
crptmmwx.php
crystal.php
CrystalShell.php
cshell.php
cso.php
css41.php
css.php
css/wp-link.php?f3
csv.php
ctt_shell.php
CTTShell.php
ctt_sh.php
cURL.php
cus.php
custom-class.csstidy_ctype.php
custom-class.csstidy.php
custom-class.csstidy_print.php
custom-content-types.php
custom-css.php
custom-custom-css-4.7.php
custom-custom-css.php
custom-custom-lessc.inc.php
custom-custom-preprocessors.php
custom-custom-scss.inc.php
custom-data.inc.php
custom-data-wp.inc.php
customer-completed-order.php
customer-invoice.php
customer-new-account.php
customer-note.php
customer-on-hold-order.php
customer-processing-order.php
customer-refunded-order.php
customer-reset-password.php
custom-header.php
customizeone.php
custom-lang.inc.php
custom-migrate-to-core.php
custom-post-comics.php
custom-post-nova.php
custom-post-portfolios.php
custom-post-testimonial.php
cv.php
cvs.php
cw.php
CWShellDumper.php
cwyy7xozof.php
cx.php
cybershell.php
CyberShell.php
cyberspy5.asp
CyberSpy5.Asp
CyberSpy5.php
cyberthack.php
czr.php
d0.php
d1_attachment.php
d2.php
d5edab.php
dac.php
dac.pHp
dailymotion.php
dan1.php
daoudi.php
darkshell.php
dashboard.php
database.php
data-class-wc-data-store-wp.php
data.php
data.txt
date.php
db-.php
db.php
DB.php
db.php.suspected
dbs.php
dc3shell.php
dd.php
DeAa.php
debug.php
defaced.php
deface.php
defacer.php
default-constants.php
default-filters.php
default.php
default-widgets.php
defined.php
defines.php
defines.php?j=joomla
delcheck.php
delcomment.php
deletefiles.php
delete.php
demon.php
demo.php
deneme.php
departamentos.php
de.php
deprecated.php
dert.php
detect.php
devil.php
devilz0de.php
devilzshell.php
dface.php
dffs.php
dfg34gdvsdda.php
.Dh.php
dhushshell.php
Difff.php
Diff.lib.php
diff.php
Diff.php
diggthis.php
dir65.php
dir82.php
direct.php
dir.php
dirphp.php
dirr.php
dirs38.php
dirs.php
disqus.php
diveshell.php
DJ.AJ.php
dl_attachment.php
dll.php
dl.php
Dmsrcva.php
dn3.php
dns.php
do1.php
do2.php
docs.php
docz.php
dologin.php
dom58.php
domain.php
dom.php
doom.php
door.php
door.pl
do.php
dork.php
download_doc.php
downloads.php
d.php
dp.php
drc.php
dr.php
dr.php 
Dr_SHA6H.php
DrSHA6H.php
drxay.php
dsdsdsdsds.php
dtool.php
du2.php
dug.php
dump.php
du.php
dv.php
dwr.php
dx.php
dxshell_hk.php
dxshell.php
dz.php
dzz.php
E2NCNR00.php
E2NCNR01.php
e66b.php
easy-markdown.php
ebf-unzip.php
ebf-unzip.php 
edit_config.php
edit-form-comment.php
editor-media-view.php
edu.php
ef.php
efso2.asp
EFSO_2.php
egy_spider.php
egyspider.php
eht.php
ekin0x.php
elFinderVolumeLocalFileSystem.class.php
elmago.php
elmaliseker.asp
ELMALISEKER.php
elmaliseker.vbs
email-addresses.php
email-customer-details.php
email-downloads.php
email-footer.php
email-header.php
email-order-details.php
email-order-items.php
email-styles.php
email-subscribe.php
embed.php
embed-template.php
eme.php
emk.php
emkt1.php
emkt.php
empixcrew.pl
empo.php
enc4.php
Enclosure.php
Encoder.php
end.php
enforcer.php
en-GB.localise.lib.php
enhanced-distribution.php
enhanced-open-graph.php
Entities.php
entrika.php
entry.php
envimailer.php
enyone1.php
e.php
era.php
erne.php
erreur.php
error45.php
error99.php
error_log
error_log.php
error_logs.php
error_lok.php
error_lok.php?send=nothing&mp0=ls
error.php
error.php?sec=yess
errors.php
esc.php
es.php
ess.php
estadocsm77.txt
estilos.php
eu-cookie-form.php
eu-cookie-law.php
eu-cookie-widget.php
evermore.php
ex0shell.php
Exception.php
exclude.php
EXIF2.php
exnc31l4la.php
ex.php
exploit.php
EXPLOIT.php
exploits.php
explore.asp
explore.php
extplorer.php
extract2-0.php
extract.php
_extra.php
eyes.php
f3f27a.php
f42ecf12.php
f770b6.php
f9028fae.php
facebook-likebox.php
facebook.php
face.php
failed.php
fake.php
fancy_led.php
fanversions.php
faqz.php
FaTaLisTiCz.php
fatal.php
fatalshell.php
favicon.php
fav.php
fbi.php
fckeditor_php3.php
feal.phpdasdfsha.php#passwd=-1
feed-atom-comments.php
feed-atom.php
feed.php
feed-rdf.php
feed-rss2-comments.php
feed-rss2.php
feed-rss.php
feeds.php
feepsxwr.php
fegzufwydv.php
fenix.php
fenixshell.php
feter.php
.ff.php
fields.php
figure.php
file1.php
file1.php.suspected
file_doc.php
FileLower.php
file.php
File.php
filesman.php
files.php
filex.php
FilteredIterator.php
filtre.php
fire.php
firewall.php
fitler.php
fk.php
flatio.php
flat-settings-flat-rate.php
flickr.php
flo.php
fl.php
fmogro.php
foo.php
footer88.php
footer-embed.php
_footer.php
footer.php
foreverpp.php
form01.php
form-add-payment-method.php
format.php
formatting.php
form-billing.php
form-checkout.php
form-coupon.php
forme1.php
form-edit-account.php
form-edit-address.php
form-grant-access.php
form-login.php
form-lost-password.php
form-pay.php
form.php
form-reset-password.php
form-shipping.php
form-tracking.php
forum/wp-link.php?f3
Fox-C/
Fox-C404/
foxcontact.php
f.php
frame.php
framework.php
fra.php
free.php
fresh_set.php
Frizell.php
fsockopen.php
ftp-config.php
ftpcrack.php
ftp.html
Ftp.php
ftpsearch.php
FTPSHELL.php
ft.rlz.php
fucking.php
fuck.php
fuckphpshell.php
fuckyou.php
fucntion.php
fuction.php
fuctitonn.php
fuego.php
function.php
functions.compat.php
functions.gallery.php
functions.global.php
functions.opengraph.php
functions.photon.php
functions.php
_functions.wp-notify.php
functions.wp-scripts.php
functions.wp-styles.php
fun_search.php
funtion.flo.php.jpg
funtions.php3
fx0.php
fx.php
g00nshell.php
g00nshell-v1.3.php
g3.php
gal_24.php
gallery.php
Gamma.php
GammaShell.php
gammashell.pl
GammaWebShell.php
gammer.php
Garfrlz.php
Gass.html
gass.php
Gass.php
gate.php
gaulircbot.php
GAY.php
gaza.php
general-template.php
_genericons.php
generic.php
geolite2Decoder.php
geolite2Metadata.php
geolite2Reader.php
geolite2Util.php
geo-location.php
german.php
getlinks.php
get.php
getty.php
_gfm.php
gfs.php
gfs_sh.php
gif.php
gist.php
gnyshell.php
God.php
gohack_powerserver.php
goku.php
good.php
Good.php
goodreads.php
google-analytics.php
googleapps.php
googlebot.php
googlemaps.php
googleplus.php
google-translate.php
googlevideo.php
google-wp-google-analytics.php
googlez.php
goon.php
go.php
go-shell.php
got.php
got.php.suspected
g.php
gpl.php
gplus-authorship.php
Grabber.php
gracias1.php
gracias.php
gravatar-hovercards.php
gravatar.php
gravatar-profile.php
gray.php
gscshell.php
GsC_Shell.php
gsh.php
gs.php
gst1.php
gst.php
gt.php
guncel_rfi_ler.php
gym.php
gzcompress.php
gzdecode.php
h1d3n.php
h2.php
h4ck.php
h4ntu.php
haccess.php
hackedpriv8.php
hackerarmy.php
hackeronurshell.php
hacker.php
hackerps.php
HackersArmy.php
hackershell.php
hack.php
hahaha.php
hakou.php
hale.php
HAMER.php
harauku.php
hard.php
hat.php
header2.php
.header.php
_header.php
header.php
header.php?sec=yess
headers2.php
headers.php
Headers.php
heat.php
heder.php
held.php
HELLO2.php
hello.lib.php
hello.php
help1.php
help74.php
helper_location.php.suspected
helper_parser.php.suspected
helper.php
helpok.php
help.php
herewgo.php
heykir.php
hhhhhhh.phtml
hhh.php
hh.php
hiddenLogs.php
hiddenLoqze.php
hiddenLoqz.php
hiddenshell.php
hiddensshell.php
hi.php
hma.php
hola2.php
hola.php
holiday-snow.php
home/000~ROOT~000
home1/000~ROOT~000
home2/000~ROOT~000
home3/000~ROOT~000
home4/000~ROOT~000
home5/000~ROOT~000
home6/000~ROOT~000
home7/000~ROOT~000
home.php
Hooker.php
Hooks.php
horuxx.php
hossam.php
hostdevil.php
hostdevil.pl
host.php
hostserver99.php
houzz.php
hpaeigl2.php
h.php
hp.php
hrtp.php.suspected
hshell.php
.htaccess.php
htaccess.php
htaccess_shell.htaccess
htaccess.txt
htdocscmd.php
htdocsWSO.php
htdocsxmlcss.php
htdocsz.php
html3bin.php
html-admin-page-addons.php
html-admin-page-reports.php
html-admin-page-status.php
html-admin-settings.php
html-bulk-edit-product.php
html-csv-import-done.php
html-csv-import-footer.php
html-csv-import-header.php
html-csv-import-mapping.php
html-csv-import-progress.php
html-csv-import-steps.php
html-email-template-preview.php
html-helper-compat.php
html-keys-edit.php
html-main.php
html-notice-custom.php
html-notice-install.php
html-notice-legacy-shipping.php
html-notice-template-check.php
html-notice-theme-support.php
html-notice-updated.php
html-notice-update.php
html-notice-updating.php
html-notice-wootenberg.php
html-oauth-start.php
html-quick-edit-product.php
html-report-by-date.php
html-section-account.php
html-section-nav.php
html-section-notices.php
html-settings-tax.php
html-webhooks-edit.php
http.php
HTTP.php
httpquota.php
https.php
hulu.php
i18AO.php
i18AR.php
i18AU.php
i18BD.php
i18BG.php
i18BO.php
i18BR.php
i18CA.php
i18CH.php
i18CN.php
i18continents.php
i18countries.php
i18ES.php
i18GR.php
i18HK.php
i18HU.php
i18ID.php
i18IE.php
i18IN.php
i18IR.php
i18IT.php
i18JP.php
i18locale-info.php
i18LR.php
i18MD.php
i18MX.php
i18MY.php
i18NG.php
i18NP.php
i18NZ.php
i18PE.php
i18PH.php
i18PK.php
i18PY.php
i18RO.php
i18TH.php
i18TR.php
i18TZ.php
i18US.php
i18ZA.php
I-47544.php
i47.php
i-47_shell.php
_icalendar-reader.php
icons.php
ID3getid3.lib.php
ID3getid3.php
ID3module.audio.ac3.php
ID3module.audio.dts.php
ID3module.audio.flac.php
ID3module.audio.mp3.php
ID3module.audio.ogg.php
ID3module.audio-video.asf.php
ID3module.audio-video.flv.php
ID3module.audio-video.riff.php
ID3module.tag.apetag.php
ID3module.tag.id3v1.php
ID3module.tag.id3v2.php
ID3module.tag.lyrics3.php
ideas.php
IDNAEncoder.php
idnex.php
id.php
id.php?omybp
ie.php
iframe.php
iindex.php
_ii.php
ii.php
ik.php
ili-n.php
illoque.php
imageadmin.php
imagen.php
image.php
images3.php
images.php
image-widget.php
imailer3333.php
img102_1_image2fx.php
img119_11986.php
img133_1Copie de 404.php
img134_1Copie de 404.php
img135_1fx.php
img16_SW_1Copie de 404.php
img17_SW_1Copie de 404.php
img19_1fx.php5
img19_1itsecteam_shell_v2.1.php
img_1_image2Copie de 404.php
img20_SW_11986.php
img93_1Copie de 404.php
img94_1Copie de 404.php
img94_1_image2ShellHere.php
img_Ne_1ShellHere.php
imgnggg.php
img.php
iMHaBiRLiGi.php
imhapftp.php
iMHaPFtp.php
imo30.php
IM.php
inagem.php
inbox.php
inc_admin_system.php
inc_functions.php
include.inc.php
include.php
includeshell.php
includewshell.php
inc.php
inde.php
inderexperasp.php
index000.php
index00.php
index0.php
index12.php
index1.php
index_2.php
index2.php
index3.php
index_4.php
index4.php
index5.php
index_backup.php
index.bkp.php
indexer.asp
indexer.php
index_fromthehackers.php
indexh.php
index.inc.php
indexn.php
.index.php
_index.php
index.php
index.php?id=token
index.php?testwork=ololo#check_the_page
index.php?wanna_play_with_me#false_403
index.php?xsec=team
indexs.php
indextmp.php
indextmt.php
index.txt.php
indexx.php
indexxx.php
indishell.php
indoex.php
indo.php
indoxploit_8YVAL.php
indoxploit_nZ9J.php
ind.php
indxe.php
indx.php
infiernuco.php
infinite-infinity.php
infinite-scroll.php
infinite-twentyeleven.php
infinite-twentyfifteen.php
infinite-twentyfourteen.php
infinite-twentyseventeen.php
infinite-twentysixteen.php
infinite-twentythirteen.php
infinite-twentytwelve.php
info.php
info-pro.php
infos.php
.ini.php
ini.php
init.php
inj3ct0r.php
inline.php
innc.php
in.php
inqy.php
insomnia.aspx
inssaf.php
instagram.php
install1.php
_install.php
install.php
INSTALL.php
instoll.php
interesting.php
internet-defense-league.php
intro.php
ioe.php # POST admins 
Ip%20Lookup%20Reverse%20Domain.php
ipays777.php
i.php
ip.php
IPv6.php
iq102.php
iq.php
irc_bot.pl
IRI.php
ironshell.php
isko.php
islam.php
istrator.php
istrator.php?login=fRsrdC
Item.php
itsecteam_shell.php
iup.php
izo.cin
j3.php
jackal.php
jacker.php
jaguar.izri
jaguar.php
jajaja.php
jaja.php
ja.php
Jar.php
javacpl.php
java.php
javashell.py
jb.php
jetpack-carousel.php
jetpack-likes-settings.php
jetpack.php
_jetpack-server-sandbox.php
_jetpack-strings.php
jhhgl65kfj.php
jiji.php
jijle.php
jkt48_1.php
jkt48.php
jmail.php
jmails.php
jmbt.php
jmx.php
jojojo.php
jojo.php
jomala.php
jomala.php.pjpg
jomola1.php
joners.php
joomla1.php
joomla.backup.php
joomla.beta.php
joomla.php
joomla_spam.php
joomla.txt.php
jo.php
jos.php
jothisshellcok.php
jpg.php
j.php
jpmorgan.php
jp.php
jquery.fancybox.js.php
jqueryls.php
jquerymin.php
jquery.php
jqueryre.php
jshafbs.php
json-api-config.php
json-api.php
json-endpoints.php
js.php
jspreverse.jsp
jspwebshell.java
JspWebshell.php
jssor.slider.php
jss.php
js/wp-link.php?f3
juacker.php
jump.php
juser.php
juv.php
jvc.php
k1.php
k2.php
k3d.php
k867mtg2o3.php
kacak.php
KAdot.php
kadotshell.php
KAdotUniversalShell.php
kaiser.php
kaker.php
kam2.php
kandu.php
kashmiri_cheetah.php
kaushell.php
KA_uShell.php
kaylin.php
kb.php
kero.php
kevin.php
keychain.php
kgsgwbvy.php
kickstarter.php
kickstart.php
kida.php
kiHDq.php
kilake.php
killerboy.php
killer.php
king511.pl
kj2.php
kjaka.php
klasvayv.asp
klasvayv.php
klb.php
klk.php
klo.php
kl.php
kobra.php
kodok.php
kodok_.php
kpg.php
k.php
kral.php
kses.php
ksm.php
kuaji.php
kueryo.php
kunam.php
l10n.php
l1b3r0.php
l1.php
lab.php
laft.php
lamashell.php
lammer.php
lam.php
lan1.php
lang.php
language.php
lara.php
lastviews.php
latest-comments.php
latest-posts.php
latex.php
layerslider/shell.php
layouts.php
lazy-images.php
lazy-lazy-images.php
lc-amarela.php
lc_amarela.php
leaf3.php
leafmailer1.php
leafmailer.php
leaf.php
leeme.html
left.gif.php
lega.php
le.php
lessc.inc.php
level
liber0.php
libero.php
.libs.php
.libs.php?os
LICEMSE.php
Licence.php
license.php
LICENSE.php
LICENSE.PHP
licenses.php
LICENSES.php
license.txt
LICESNE.php
likes.php
link4.php
linkadd.php
linker.php
link.php
link-template.php
linux.php
lists.php
list-table.php
litrereture.php
live.php
lives.php
Liz0ziM.php
lizozim.php
llave.php
llk.php.suspected
lll.php
lmao.php
lndex2.php
lndex.php
lNemexix.php
lni.php
Loaderz.php
LoaderzWEBShell.php
load.php
load_shell.php
loadshell.php
locale.php
locales.php
localhost.php
Locator.php
loc.php
locus7shell.php
locus.php
locusshell.php
log-class-wc-log-handler-db.php
logf.txt
loggo.php
login.php
logon.php
log.php
Logsdb.txt
logs.php
lOgs.php
logss.txt
lol1.php
lol68.php
lolipop.php
lol.php
loop-end.php
loop-start.php
loq.php
lostdc.php
lostDC.php
lostpas.php
lost-password-confirmation.php
lost.php
love2.php
love.php
lphatz.php
l.php
lsh.php
ls.php
lulzsec.php
lurm.cgi
Luxx.php
m0m.php
m1n1shell.php
m1n3.php
m2017.php
m2.php
m4f14.php
m4y4.php
m7_wallet.php
m99.php
made.php
mado.php
mad.php
madspot.php
mag.php
mahkeme.php
mail8.php
mailchimp-for-api_key.php
mailchimp-for-bootstrap.php
mailchimp-for-index.php
mailchimp-for-logs.php
mailchimp-for-notices.php
mailchimp-for-queue-command.php
mailchimp-for-queue.php
mailchimp-for-store_info.php
mailchimp-for-store_sync.php
mailchimp-for-uninstall.php
mailchimp-for-wp-job.php
mailchimp-for-wp-queue.php
mailchimp-for-wp-worker.php
mailchimp.php
mailer3.php
mailer.php
Mailer.php
mailist.php
mail.php
mailus.php
mainbody.php
main.php
mai.php
malote.php
mal.php
malware.php
mambo.php
manage.php
manager.php
maneul.php
manglik.php
ma.php
map.php
mappings.php
mariajuana.php
maria.zip
marihuana.php
markdown.php
marsupilami.php
massdeface.php
masshp.php
mass.php
masterbar.php
master.php
mastro@asd.php
matamu.php
math-fallback.php
maxo.php
may.php
mbYTPlayer.php
mc4wp-debug-log.php
media1.php
media-bak.php
media.php
media-template.php
medium.php
mega4.php
megabor.php
Memcache.php
memeys.php
meneame.txt
MeNu%24.php
menu_embed-content.php
menu.php
me.php
metaclass-ddu.php
meta-html-order-fee.php
meta-html-order-item-meta.php
meta-html-order-item.php
meta-html-order-items.php
meta-html-order-refund.php
meta-html-order-shipping.php
meta-html-product-download.php
meta-html-variation-admin.php
meta.php
metasploit.php
metri.php
Meuhy.php
M-F4r3s.php
mg.php
mg.php.suspected
miau.php
mibx.php
middle-stuff.php
migrate-to-gallery-widget.php
migrate-to-image-widget.php
mildnet.php
milestone.php
mindex.php
mini_cal.php
mini-cart.php
minileven.php
mini.php
Misc.php
miss.php
mitnick.php
mixcloud.php
mix.php
M-J!r4ya-F4r3s.php
mk.php
mky.php
mlr.php
mls.php
mmg.php
mmm.php
mm.php
mn9.php
mobile-push.php
mod_articless.php
model.php
mod_hello_hell.php
mod_system.php
mod_templatechoos.jpg.php
mod_templatechoos.php
module-extras.php
module-headings.php
module-info.php
module.php
module.tag.apetag.lib.php
mohajer22.pl
mojrm.php
money.php
monitor.php
moon.jpg.php
mo.php
moroccan_spam.php
mpc.php
m.php
mpv.php
mrd.php
mrerror403.php
mrla3el.php
mrña3eñ.php
mrtiger.php
ms-blogs.php
ms-default-constants.php
ms-default-filters.php
ms-deprecated.php
ms-files.php
ms-files-tp1.php
ms-files-tpl.php
ms-functions.php
ms-load.php
msl.php
ms-network.php
ms-settings.php
ms-site.php
msss.php
msuv.php
muakero.php
mulcishell.php
must-connect-main-blog.php
mx.php
my2.php
my-account.php
my-address.php
my-community.php
my-downloads.php
myform.php
my-orders.php
myshell.php
MyShell.php
mysql_adminer.php
mysql.php
MySQL.php
mysql_shell.php
mysql_tool.php
myupload.php
n3fa5t1ca.php
n3m3s1s.php
n3t.php
nasty.php
native.php
navigation.php
nav-menu.php
nav-menu-template.php
nccshell.php
ncvrwwdr.php
NeMeSiS.php
ne.php
net.php
network-activated-notice.php
network-admin-alert.php
network-admin-footer.php
network-admin-header.php
networkfilemanager.php
network.php
network-settings.php
newdlhis.php
newexploit.php
newfile1.php
newfile.php
new_license.php
newmail.php
new.php
newrs.php
newsfeter.php
newshell.php
new_side.php
new_side.php.suspected
newsleter.php
newslist.php
news_one.php
newsr.php
newsrsss.php
newsrsss.php?name=raw.githubusercontent.com/b374k/b374k/v3.2.3/b374k.min.php&file=ASS.php
newsside.php.suspected
newup.php
newversion.php
nexpl0rer.php
next.php
NGH.php
nino.php
nixshell.php
nl.php
nnc.php
nn.php
nobato.php
nob.php
node.tpl.php
nogrodpBot.php
Non-alphanumeric.php
noname.php
nonamex.php
none.php
noni.php
no.php
no-products-found.php
nos.php
notes.php
notice.php
novato.php
nov.php
np8ah7t60x.php
n.php
N.php
nphp.php
nshell.php
ns.php
Nstell.php
nst.php
nstview.php
ntdaddy.asp
NTDaddy.php
Ntstell.php
nubkk.php
nub.php
nuevo.php
ny.php
O0O.php
obet.php
obf.php
object.php
ocp.php
off.php
oihfoe09fposf.php
okere.php
okol.php
ok.php
ollanta_cabron.php
olux2.php
olx.php.suspected
omi.php
omnisearch.php
onboomshell.php
ono.php
on.php
oop.php
open.php
o.php
option.php
options.php
orbshell.php
order-again.php
orderby.php
order-details-customer.php
order-details-item.php
order-details.php
order-downloads.php
orderfinished.php
order-receipt.php
orders.php
ostora.php
ostor.php
out.txt
owned.php
p_8.php
P8.php
page.php
pagerank1.php
pagerank.php
pagination.php
panelcin.php
panel.php
parameter.php
parameters.php
params.php
parce.php
parcero.php
parser.php
Parser.php
partitura-spain-chick-corea-pdf
pas.php
passath.php
passwd-bypasser.php
patErrorManager.php
path_config.php
patway.php
payment-method.php
payment-methods.php
payment.php
paypal.php
pbot.php
pbs_work_pic.php
pclzip.lib.php
pct.php
pdf.php
pear_case.php
pentest.php
perlbot.pl
perl.php
perlwebshell.pl
perronymous.php
personal.php
personas.php
Personas.php
phantasma.php
PHANTASMA.php
PHANTASMA.PHP
phatz.php
phishing.php
phoenix.php
photon-cdn.php
photon-jetpack-manifest.php
photon.php
-.-.php
-_-.php
.php
php-backdoor.php
phpbackdoor.php
php-brief.php
php-conf.php
phpemailer.php
phpfilemanager.php
phpfm.php
phpfm.php?secret_key=VH8lmds1
php-include-w-shell.php
phpinfo.php
phpini.php
phpinjectionshell.php
pHpINJ.php
PHPJackal.php
php_mailer.php
phpmailer.php
phpmyadmin_exploit.php
php.php
phpremoteview.php
PHPRemoteView.php
php-reverse-shell.php
phpshell17.php
phpshell.php
phpspy.php
ph_vayv.php
phvayv.php
PH_Vayv.php
PHVayv.php
phytonshell.py
pigre.php
pin.php
pinterest.php
pisher.php
pishing.php
plan.php
pluggable-deprecated.php
pluggable.php
plugin_filee_path.php
plugin.php
plugin-search.php
_plugins.php
plugins.php
plugns.php
plural-forms.php
png.php
point.php
poison.php
polldaddy.php
po.php
popnew.php
popn.php.suspected
popper.php
pop.php
pop.php.suspected
pop-side.php.suspected
pop-up-cache.php
porno.php
poroto.php
-portal.php
portal.php
portal.php?sec=yess
portito.php
postal_ver.php
post-by-email.php
post-formats.php
postman.php
post.php
post-template.php
post-thumbnail-template.php
poto1.php
power2.php
power2.php?sec=yess 
powerdreamshell.asp
p.php
pp.php
pr0f3s0r-php
Predator.php
presentations.php
press.php
prib.jpg.php
price.php
print.php.suspected
priv8.php
priv8_scr.pl
priv8.txt
Private-i3lue.php
prive.php
prlacxko.php
problem.php
proccess7.php
procedencia.php
proceed-to-checkout-button.php
processx.php
product_8.php
productosx.php
product-searchform.php
profesorX.php
prof.txt
pro.php
Pro Shell.php
protect.php
proxy.php
Proxy.php
prueba.php
pruebas.php
prv3.php
prv8new.php
prv8.php
prx.php
ps4.jpg.php
psend.php
pspellshell.php
psuser.php
ptm.php
pt.php
publicize-jetpack.php
publicize.php
puma.php
pwa.php
pwd.php
pwd.php?fskvo
pwn3d.php
PWNED.php
pwnshell.jsp
pwreset.php
pws.php
px.php
py.php
python.r00t
pzadv.php
pz.php
q2.php
qfag0p.php
qoepgu23o.php
q.php
qReyFuRt.aspx
qryh.php
qsd-php-backdoor.php
quantity-input.php
query.php
quick.php
quiz.php
qwty.php
R00t.info.php
r00t.php
r0.php
r0x.php
r11x.php
r3laps3.php
r45rc7zuak.php
r4m.php
r572.php
r577.php
r57_iFX.php
r57_kartal.php
r57_Mohajer22.php
r57.php
r57shell.php
r61.php
r9618qq30u.php
rader.asp
random_byte_safe_strings.php
random_cast_to_int.php
random_error_polyfill.php
random.php
random_random_bytes_mcrypt.php
random_random_int.php
random_random.php
random-redirect.php
range.php
ra.php
rating.php
Rating.php
raw.php
rb.php
rch.jpg.php
rch.php
rconfig.php
reader.asp
reader.php
readme.php
readme.txt
readm.php
read.php
readx.php
ready-work.php
Rebel.php
recaptcha.php
recipe.php
recky.php
redir.php
red.php
register.php
registrados.php
registration-functions.php
registration.php
Registry.php
reg.php
rehacked.php
related-posts.php
RemExp.asp
RemExp.php
remote.php
remoteshell.php
remoteview.php
removexplorer.vb
remp.php
remview_2003_10_23.php
remview.php
rem_view.php.php
Renderer.php
Renom.php
repair.php
repeat-repeat-visitor.php
report.php
rep.php
require-lib.php
require.php
reset.php
Response.php
rest-api.php
rest-class-wp-rest-request.php
rest-class-wp-rest-server.php
rest.php
Restriction.php
restrict.php
result-count.php
reto.php
reverse_shell.php
review-order.php
revision.php
rewrite.php
rhtool.asp
right.php
rmz.php
robots.php
robots.txt
roker.php
rooter.php
rooting.php
root.php
rootshell.php
rosin.php
rot.cin
roticvfj.php
router.php
rpc.php
r.php
RPx.php
rr.sh
rsi.php
rs.php
rssfeed.php
rss-functions.php
rsslinks-widget.php
rss.php
rtl-admin-bar.php
rtube.php
ru24postshell.php
ru24_post_sh.php
rulzpe.php
russian.php
rusuarios.php
rut.php
rvn.php
s0ft.php
s3c.php
s3sshll.php
s72.php
s72shell.php
s72Shell.php
s72_Shell_v1.1_Coding.php
safe0ver.php
safemode.php
safeover.php
safe.php
sale-flash.php
sammy.php
sam.php
sample1.php
Sanitize.php
saved.php
savefile.php
save.php
scanner_jatimcrew.pl
scc.php
scorpion.php
Scorpion.php
scott.php
sc.php
scribd.php
script-loader.php
script.php
Scripts.php
sd.php
sean.php
SEA.php
searchform.php
.search.php
search.php
search.php 
sec4ever.php
seca.php
seccion_cell.php
seccion_logs.php
.sec.php
sec.php
secret.php
Secure1.php
secure.php
securitypwn.php
sehlsos.php
self.php
semen.php
sempak.php
send11.php
sender.php
sendor.php
send.php
seno.php
seo-jetpack-seo.php
seo-jetpack-seo-posts.php
seo-jetpack-seo-titles.php
seo-jetpack-seo-utils.php
seomarket.php.suspected
seoplay.php
seo-script.php
seo-tools.php
server1.php
server_config.php
server_sync.php
servicess.php
session11.php
session.php
sessions.php?login=canshu
set.php
settigns.php
setting.php
settings_old.php
settings-paypal.php
.settings.php
settings-tax.php
_setup.php
setuse.php
sex.php
sext.php
S-F4r3s.php
sg.php
Sh1n4bo.php
sh3ll.php
sharedaddy.php
shared-functions.php
sharing.php
sharing-service.php
sharing-sources.php
shayeee.php
shell1.php
shell-404.tn.php
shell99.php
shellarchive.php
shellatildi.php
shellbattlex.php
shellbot.pl
shell_commander.php
ShellDDos.php
shell_exploit.php
shellfilife.php
shell.jpg.php
shellnymous.php
shell.php
shelltube.php
shell.txt
shell_uploader.php
shell-v1.php
shellv1.php
shell-v2.php
shellv2.php
shell-v3.php
shellv3.php
Shell_v5.1.php
Shell_v5.2.php
shellx.php
shel.php
she.php
shipping-calculator.php
shit.php
shll.php
shll.phpsendor.php
shop.php
shor7cut.php
shortcode.php
shortcodes.php
shortlinks.php
sh.php
sh.sh
shtmax.php
shwrk.php
shwso.php
sidebar.php
simattacker.php
simon.php
simple1.php
simple-admin-warning.php
simple-backdoor.php
simple_cmd.php
simple-form.php
simple-payments.php
simple.php
simple_shell.php
simple-simple-payments.php
simple-widget.php
simplify-AccessToken.php
simplify-Authentication.php
simplify-Authorization.php
simplify-CardToken.php
simplify-Chargeback.php
simplify-Constants.php
simplify-Coupon.php
simplify-Customer.php
simplify-Deposit.php
simplify-Event.php
simplify-Exceptions.php
simplify-FraudCheck.php
simplify-Http.php
simplify-InvoiceItem.php
simplify-Invoice.php
simplify-Object.php
simplify-Payment.php
simplify-PaymentsApi.php
simplify-Plan.php
simplify-Refund.php
simplify-ResourceList.php
simplify-Simplify.php
simplify-Subscription.php
simplify-Tax.php
simplify-TransactionReview.php
simplify-Webhook.php
simshell.php
sincap.php
Sincap.php
single-add-to-external.php
single-add-to-grouped.php
single-add-to-simple.php
single-add-to-variable.php
single-add-to-variation.php
single-description.php
single-meta.php
single-photoswipe.php
single.php
single-price.php
single-product-attributes.php
single-product-image.php
single-product.php
single-product-reviews.php
single-product-thumbnails.php
single-rating.php
single-related.php
single-review-meta.php
single-review.php
single-review-rating.php
single-sale-flash.php
single-share.php
single-short-description.php
single-stock.php
single-tabs.php
single-title.php
single-up-sells.php
sirnic.php
site-icon.php
sitemap_0_5000.php
sitemap-buffer-fallback.php
sitemap-buffer-image.php
sitemap-buffer-master.php
sitemap-buffer-news.php
sitemap-buffer-page.php
sitemap-buffer.php
sitemap-buffer-video.php
sitemap-builder.php
sitemap-constants.php
sitemap-finder.php
sitemap-librarian.php
sitemap-logger.php
sitemap.php
sitemaps.php
sitemap-state.php
sitemap-stylist.php
site-site-icon-functions.php
sixteen.php
Siyanur5x.php
S-J!r4ya-F4r3s.php
slideshare.php
slideshow.php
slim.php
sl.php
small.php
small_shell.php
smartshell.asp
smep.php
smevk.php
smtpd.py
smtp.php
snd.php
Sniffer.php
sniper2.php
sniper.php
SnIpEr_SA.php
SnIpEr_SAShell.php
snipershell.php
snippet.php
snmp.php
SNOX.php
social-icons.php
social-links.php
_social-logos.php
social-media-icons.php
socs.php
sofpy.php
soft.php
software.php
soldierofallah.php
soldiers.php
sonny.php
sos.php
sosyete.php
souka.php
soundcloud.php
Source.php
spadepirates.php
spammer.php
spam.php
spam_trustapp.php
specialse.php
spellchecker.php
s.php
spire.php
spl-autoload-compat.php
spotify.php
sp.php
spygrup.php
spy.php
spyshell.php
sql.php
sqlscan.php
sq.php
sroshell.php
sscorp.php
ssd.php
sse.php
ssh2.php
ssh.php
ssi.php
SSL.php
sso.php
s_s.php
Ss.php
Staf.php
stakershell.php
start.php
stati.php
stats.php
status.php
stone.php
story.php
st.php
streams.php
stres.php
stressbypass.php
string.php
stunshell.php
style_css.php5
style-js.php
style-js.php?re@=vo@
style.php.suspected
styles.php
subete.php
subscriptions.php
success.php
suexec.php
superhacker.php
support.php
suspendediso..php
suz.php
sweet.php
swicht.php
sw.php
sym403.php
symbpass2019.php
symbyp.php
sym/jaguar.izri
symlink.php
sym.php
Sym.php
symroot.php
symskan.php
sysinfo.php
sys.php
system(2).php
system.ajax.php
system_file.php
system.php
system.theme.php
tar.php
taxonomy.php
taxonomy-product_cat.php
taxonomy-product_tag.php
tbdsecurity.php
tbl_status.php.suspected
tdomf-customfield-widget.php
tdshell.php
teamhacker.php
team.php
teamps.php
teamsql.php
tea.php
ted.php
tellafriend.php
telnetd.pl
telnet.pl
template.include.php
template-loader.php
template_main.php
template_mysqli.php
template.php
template_rss.php
template-sys.php
template-tags.php
temp.php
te.php
terms.php
ter.php
terremototacna.php
test7.php
test89.php
teste1.php
teste.php
tester.php
testing.php
testmail.php
test.php
tests.php
test.txt
testX.php
teta.php
tetera.php
tg.php
thankyou.php
tha.php
THA.php
theboos.php
theme_check.php
theme-class-wc-twenty-ten.php
theme-comments.php
theme-content-author-bio.php
theme-content-blog-display.php
theme-content-customizer.php
theme-content-options.php
theme-content-post-details.php
theme-embed-404.php
theme-embed-content.php
theme-embed.php
theme-featured-content.php
theme-footer-embed.php
theme-footer.php
theme-header-embed.php
theme-header.php
theme-infinite-scroll.php
themepat.php
theme.php
theme-random-redirect.php
theme-responsive-videos.php
theme-sidebar.php
theme-site-breadcrumbs.php
theme-site-class-site-logo.php
theme-site-compat.php
theme-site-functions.php
theme-site-logo.php
theme-social-icon-functions.php
theme-social-links.php
theme-social-menu.php
themes.php
Themes.php
theme-tools.php
theme-twentyfifteen.php
theme-twentyfourteen.php
theme-twentynineteen.php
theme-twentyseventeen.php
theme-twentysixteen.php
therules25.php
thumb_editor.php
thumb.php
Thumbr.php
thumbs.php
Thund3rC4sH.php
tigre.php
tiki-calendar.php
tiled-gallery.php
tiled-tiled-circle-layout.php
tiled-tiled-gallery.php
tiled-tiled-item.php
tiled-tiled-square-layout.php
tiny.php
title.php
tmp-htcess.php
tmp.php
toad687.php
to-all.php
Tobitow.php
_tonesque.php
tonesque.php
tonsi17.php
tonyz.php
tool.api.php
toolbar.php
toolbas.php
tool.php
tools.php
toool.php
topics.php
topnav.php
top.php
top-posts.php
t.php
tr000ll.php
tracking.php
track.php
traderpcp.php
transient-cleanup.php
translations.php
Transport.php
tripita.php
troleo.php
trolface.php
troll.php
trol.php
trome.php
troyan.php
tr.php
true.php
tryag.php
tst.php
tt.php
tube.php
tumb.php
tupapa2.php
tuzki.php
tweaks.php
tweet.php
twitchtv.php
twitter-timeline.php
type.php
type.php?dir=%2Fhome%2Ftourismcambodia%2Fpublic_html%2Fcss%2F.. 
types.php
TZS.php
uax.php
udpflooder.php
UDSR.php
uindex.php
ui.php
umut.php
unavailable.php
undex.php
undex.php?v3=root0
uninstall.php
unit.php
unitxshell.pl
Unknown.php
un.php
un.pjp
untappd-menu.php
unziper.php
UNZipeRtzz.php
unzipper.php
unzip.php
unzipscript.php
up1.php
upar.php
upcoming-events.php
update-bak.php
update.php
updater.php
u.php
UP-J!r4ya-F4r3s.php
upl32720.php
upl49634.php
upl82610.php
upladili.php
upld.php
upload1.php
upload2.php
upload3.php
upload4.php
uploader.php
Uploader.php
uploadfile1.php
uploadfile.php
upload.htm
upload.php
uploadprva088.php
uploads.php
uplo.php
uploud.php
upp2016.php
up.php
upp.php
uppp.php
ure.php
urls.php
us3rspl.pl
use.php
user-map.php
user.php
users.php
usmerena.php
.us.php
ustream.php
usuarios_registrados.php
usv.php
utility-functions.php
utilitys.php
utils_new.php
v0ld3m0r.php
v0ld3m0rt.php
v1class-wc-api-coupons.php
v1class-wc-api-customers.php
v1class-wc-api-json-handler.php
v1class-wc-api-orders.php
v1class-wc-api-products.php
v1class-wc-api-reports.php
v1class-wc-api-resource.php
v1class-wc-api-server.php
v1class-wc-api-xml-handler.php
v1interface-wc-api-handler.php
v2class-wc-api-coupons.php
v2class-wc-api-customers.php
v2class-wc-api-exception.php
v2class-wc-api-json-handler.php
v2class-wc-api-orders.php
v2class-wc-api-products.php
v2class-wc-api-reports.php
v2class-wc-api-resource.php
v2class-wc-api-server.php
v2class-wc-api-webhooks.php
v2interface-wc-api-handler.php
v2.php3
v3class-wc-api-coupons.php
v3class-wc-api-customers.php
v3class-wc-api-exception.php
v3class-wc-api-json-handler.php
v3class-wc-api-orders.php
v3class-wc-api-products.php
v3class-wc-api-reports.php
v3class-wc-api-resource.php
v3class-wc-api-server.php
v3class-wc-api-taxes.php
v3class-wc-api-webhooks.php
v3interface-wc-api-handler.php
vai.php
variables.asp
vars.php
vaultpress.php
vcodpskn.php
vegeta.php
verification-tools.php
ver.php
versiom.php
version.php
verte.php
vetrina.php
vhost.php
vh.php
videopress.php
view22.php
view33.php
viewemail.php
viewinvoice.php
view-order.php
view.php
viewprivacy.php
views.php
vimeo.php
vine.php
vinzi.php
vip.php
VIP.php
virus.php
Virusspace00.php
vito.php
vivalababa.php
voice.php
v.php
vquugego.php
vr.php
vulnerable_airos.css
vvv3.php
vyoemwwz.php
w3d.php
w3dshell.php
w3.php
w4k.php
w4.php
wacking.php
wait.php
wasyuindex.php
wawalo.php
wbn.php
wc-account-functions.php
wc-admin-functions.php
wc-attribute-functions.php
wc-cart-functions.php
wc-conditional-functions.php
wc-core-functions.php
wc-coupon-functions.php
wc-deprecated-functions.php
wc-formatting-functions.php
wc-meta-box-functions.php
wc-notice-functions.php
wc-order-functions.php
wc-order-item-functions.php
wc-page-functions.php
wc-product-functions.php
wc-rest-functions.php
wc-stock-functions.php
wc-template-functions.php
wc-template-hooks.php
wc-term-functions.php
wc-update-functions.php
wc-user-functions.php
wc-webhook-functions.php
wc-widget-functions.php
webadmin.php
web-info.php
webmysql.php
web.php
Webr00t.php
webroot.php
webshell.cgi
webshellkey.php
webshell.php
whitehat.php
white.php
whm-crack.php
whm.php
whoer.php
whois.php
widget.php
_widgets.php
widgets.php
widget-visibility.php
widget-widget-conditions.php
wiidgets.php
windex.php
winsock.php
winx.php
WinXShell.php
WM.php
woocommerce-i18strings.php
woocommerce.php
wordads.php
wordfence-waf.php
wordpress_exploit.php
wordpress-importer.php
wordpress.php
wordpress-post-widget.php
work
Worm.php
WorseLinuxShell.php
worse.php
wos.php
wow.php
wp1.php
wp-2018.php
wp-201905zgepd_oddsd.php
wp-404.php
wp-6p7t7.php
wp-about.php
wp-activate.php
wp-admin-ajax.php
wp-admin-filters.php
wp-admin-footer.php
wp-admin-functions.php
wp-admin-header.php
wp-admin/includes/themes.php
wp-admin.php
wp-admin-post.php
wpad.php
wp-afawmaye.php
wp-ajax-actions.php
wp-ajax-hook.php
wp-apml.php
wp-apps.php
wp-archive.php
wp-async-request.php
wp-async-upload.php
wp-back-compat.php
wp-background-process.php
wp-backup.php
wp-blog-header.php
wp-bookmark.php
wp-cache.php
wpcc.php
wp-class-bulk-upgrader-skin.php
wp-class-core-upgrader.php
wp-class-ftp.php
wp-class-ftp-pure.php
wp-class-ftp-sockets.php
wp-class-pclzip.php
wp-class-plugin-upgrader.php
wp-class-storefront-admin.php
wp-class-storefront-jetpack.php
wp-class-storefront.php
wp-class-theme-upgrader.php
wp-class-wp-importer.php
wp-class-wp-list-table.php
wp-class-wp-screen.php
wp-class-wp-site-icon.php
wp-class-wp-upgrader.php
wp-class-wp-upgrader-skin.php
wp-class-wp-upgrader-skins.php
wp-cleaner.php.suspected
wp-clear.php
wp-clears.php
wpc_log.php
wpc_logs.php
wp-color-patterns.php
wp-comment.php
wp-comments.php
wp-comments-post.php
wp-config_old.php
wp-config.php
wp_config.php
wp-config-sample.php
wp-config-sample.php?itongtong=echo%20%22%3Cpre%3E%22;system(%27ls%20-laht%27);
wp-confing.php
wp-cont1.php
wp-contacts.php
wp-content-homepage.php
wp-content/languages/plugins/contact-form-7-tr_TR.po.php
wp-content-none.php
wp-content-page.php
wp-content.php
/wp-content/plugins/apikey/
wp-content-single.php
wp-content/themes/MBtekurun/ambar/java/java.php
wp-content/upgrade/update.php
/wp-content/uploads/2019/08/
wp-continents-cities.php
wp-cont.php
wp_cont.php
wp-contract.php
wp-credits.php
wp-cron.php
wp-cron-sample.php.suspected
wp-cson.php?login=canshu
wp-css.php
wp-custom-background.php
wp-custom-header.php
wp-customize.php
wp-customizer.php
wp-dashboard.php
wp-database.php
wp-db.php
wp-deprecated.php
wp-diff.php
wp-edit-comments.php
wp-edit-form-advanced.php
wp-edit-form-blocks.php
wp-edit-form-comment.php
wp-edit-link-form.php
wp-edit.php
wp-edit-tag-form.php
wp-edit-tag-messages.php
wp-edit-tags.php
wp-email.php
wp-error.php
wp-export.php
wp-feed.php
wp-feed.php?up
wp-feeds%20(1).php
wp-fields.php
wp-file.php
wp-files.php
wp-footer.php
wp-freedoms.php
wp-front-page.php
wp-functions.php
wpgeo.php
wp-header.php
wp-home.php
w.php
wp-icon-functions.php
wp-image-edit.php
wp-image.php
wp-images.php
wp-import.php
wp-includes/images/crystal/type.php
wp-includes/js/mediaelement/renderers/43wds.php
wp-inc.php
wp-indd.php
wp-indeks.php
wp-index.php
wp_index.php
wp-info.php
wp_info.php
wp-infos.php
wp-install-helper.php
wp-install.php
wp-json.php?up
wp-layouts.php
wp_leed.php
wp_line.php
wp-link-add.php
wp-link-manager.php
wp-link-parse-opml.php
wp-link.php
wp_link.php
wp-link.php?f3
wp-link.php?up
wp-links-opml.php
wp-list-table.php
wp-load.php
wp-load.php?name=raw.githubusercontent.com/b374k/b374k/v3.2.3/b374k.min.php&file=ASS.php
wp-load-scripts.php
wp-load-styles.php
wp-login.php
wp-logi.php
wp-logon.php
wp-log.php
wp-loop.php
wp-mailing.php
wp-mail.php
wp-mailwp.php
wp-media-new.php
wp-media.php
wp-media-upload.php
wp-menu-header.php
wp-menu.php
wp-menus.php
wp-meta-boxes.php
wp-met.php
wp-misc.php
wp-moderation.php
wpm.php
wp-ms-admin-filters.php
wp-ms-admin.php
wp-ms-delete-site.php
wp-ms-deprecated.php
wp-ms-edit.php
wp-ms-options.php
wp-ms.php
wp-ms-sites.php
wp-ms-themes.php
wp-ms-upgrade-network.php
wp-ms-users.php
wp-my-sites.php
wp-nav-menu.php
wp-nav-menus.php
wp-network.php
wp-noop.php
wp-on.php
wp-option.php
wp-options-discussion.php
wp-options-general.php
wp-options-head.php
wp-options-media.php
wp-options-permalink.php
wp-options.php
wp-options-reading.php
wp-options-writing.php
wp-page.php
wp-paris.php
wp-passtex.php
wp-ph40wd.php
wp-.php
wp.php
wp-plugin-editor.php
wp-plugin-install.php
wp-plugin.php
wp-plugins.php
wp-plugins_.php
wp-post-new.php
wp-post.php
wp_post.php
wp_posts.php
wp-post-update.php
wp-press-this.php
wp-privacy.php
wp-profile.php
wp-query.php
wp-rdfs.php
wp-read.php
wp-register.php
wp-repair.php
wp-reset.php
wp-revision.php
wp-rewrite.php
wp-sample.php
wp-schema.php
wp-screen.php
wpscript.php
wp-searchform.php
wp-search.php
wp-seo.php
wp_set.php
wp-settings.php
wp-setup-config.php
wp-setup.php
wp-sidebar-content-bottom.php
wp-sidebar.php
wp-signup.php
wp-single.php
wp-site-info.php
wp-site-new.php
wp-site-settings.php
wp-sites.php
wp-site-themes.php
wp-site-users.php
wp-slimstat-dashboard.php
wp-sss.php
wp-storefront-functions.php
wp-system.php
wp-taxonomy.php
wp-template-author-bio.php
wp-template-biography.php
wp-template-content-audio.php
wp-template-content-image.php
wp-template-content-none.php
wp-template-content-page.php
wp-template-content.php
wp-template-content-search.php
wp-template-content-single.php
wp-template-content-video.php
wp-template-entry-header.php
wp-template-footer-widgets.php
wp-template-fullwidth.php
wp-template-functions.php
wp-template-header-image.php
wp-template-homepage.php
wp-template-navigation-top.php
wp-template.php
wp-template-site-branding.php
wp-template-site-info.php
wp-template-tags.php
wp-term.php
wp-theme-editor.php
wp-theme-install.php
wp-theme.php
wp-themes.php
wp-tinymce.php
wp-tools.php
wp-trackback.php
wp-translation-install.php
wp-update-core.php
wp-update.php
wp_updater.php
wp-upgrade-functions.php
wp-upgrade.php
wp-upload.php
wp-user-edit.php
wp-user-new.php
wp-user.php
wp-users.php
wp-version.php
wp-widgets.php
wp-xml1.php
wp-xml.php
wp_xmlrpc.php
wp-yzelp.php
wrapper-end.php
wrapper.php
wrapper-start.php
ws0.php
ws1.php
ws2.php
ws3.php
ws4.php
wshell.php
wso1.php
wso222.php
wso2.5.1.php
wso_2.5.php
wsoedit_pass=ghost287.php
wsoenc.php
wso.php
WSO.php
wsop.php
wsos.php
ws.php
wsso.php
wst.php
wt.php
wts.php
wufoo.php
ww3.php
ww.php
WWW1452.php
wy.php
wz.php
x3.pdf.php
x4d.php
x5.php
xamp.php
xa.php
XAT.php
XAT.php?v3=root0
XAttacker.php
xdiff.php
xd.php
xGASSx.php
xGASSx.php?lvyuiz=1
xhtml.php
xhttp.php
xinfo.php
xleet.php#passwd=xleet
xmaildec.php
xmailer.php
xmail.php
xmen1337xmen.php#xmenhaxor
xml92.php
xmlcss.php
xmle.php
xmlhttp.php
xml_menu.php
xml_parse.php?passwd=kontolmu
xml.php
XML-rpc2.svn.php
xmlrpc.aspx
xmlrpc.php
xmlssl.php
xm.php
xNOVAx.php
xo1.php
xoo.php
xo.php
x.php
xp.php
xshell.php
xs.php
xss.php
xtaz.php
xtremecrip.php
xtx1.php
xtx.php
xup.php
xx1.php
xxm1.php
xx.php
Xx.php
xxu.php
xxx1.txt
xxx2.txt
xxxindex.php
xxx.php
xxx.txt
xz1.php
xz2.php
xz.php
y1gmn.php
Yanishshll.php
yas.php
yavari1.php
yea.php
yeizeta.php
yildiz.jpg;.php
yok_et.php
yo.php
youtube.php
y.php
yqakctrz.php
yt0.php
yt.php
yyyy.php
z0mbi3.php
z1.php
z9.php
zaco.php
zacosmall.php
ZAFIRA2458.php
zakss.php
zc.php
zed_3991.php
zehir4.asp
zehir4.php
zendtest.php
zeox.php
zero.php
zeta.php
zeus.php
zika.php
zilver.php
zip.php
ziron.php
zombie.php
zoom.php
zorro.pl
z.php
zp.php
zu.php
zx1.php
zx.php
ZyklonShell.php